<?xml version="1.0" encoding="UTF-8"?>
<!-- Generated by org.testng.reporters.JUnitXMLReporter -->
<testsuite hostname="DESKTOP-M4HP65I" ignored="2" name="testing" tests="2" failures="0" timestamp="2023-11-26T09:58:34 IST" time="0.069" errors="0">
  <testcase name="funC" time="0.01" classname="testNGDemo.TestngGroupsDemo1"/>
  <testcase name="funD" time="0.003" classname="testNGDemo.TestngGroupsDemo1"/>
  <testcase name="funB" time="0.0" classname="testNGDemo.TestngGroupsDemo1">
    <ignored/>
  </testcase> <!-- funB -->
  <testcase name="funA" time="0.0" classname="testNGDemo.TestngGroupsDemo1">
    <ignored/>
  </testcase> <!-- funA -->
</testsuite> <!-- testing -->
