<?xml version="1.0" encoding="UTF-8"?>
<testng-results skipped="0" failed="0" ignored="0" total="1" passed="1">
  <reporter-output>
  </reporter-output>
  <suite name="Default suite" duration-ms="8601" started-at="2024-02-14T15:34:31 IST" finished-at="2024-02-14T15:34:40 IST">
    <groups>
    </groups>
    <test name="Default test" duration-ms="8601" started-at="2024-02-14T15:34:31 IST" finished-at="2024-02-14T15:34:40 IST">
      <class name="seleniumwithtestng.WebtableDemo5">
        <test-method status="PASS" signature="funA()[pri:0, instance:seleniumwithtestng.WebtableDemo5@1c3a4799]" name="funA" duration-ms="8529" started-at="2024-02-14T15:34:31 IST" finished-at="2024-02-14T15:34:40 IST">
          <reporter-output>
          </reporter-output>
        </test-method> <!-- funA -->
      </class> <!-- seleniumwithtestng.WebtableDemo5 -->
    </test> <!-- Default test -->
  </suite> <!-- Default suite -->
</testng-results>
